<?xml version="1.0" encoding="UTF-8"?>
<testsuite name="sprinboot.web.IndexControllerTest" tests="1" skipped="0" failures="0" errors="0" timestamp="2019-12-19T10:38:41" hostname="DESKTOP-DEDM406" time="0.128">
  <properties/>
  <testcase name="메인페이지_로딩" classname="sprinboot.web.IndexControllerTest" time="0.128"/>
  <system-out><![CDATA[2019-12-19 19:38:39.961  INFO 26728 --- [    Test worker] .b.t.c.SpringBootTestContextBootstrapper : Neither @ContextConfiguration nor @ContextHierarchy found for test class [sprinboot.web.IndexControllerTest], using SpringBootContextLoader
2019-12-19 19:38:39.962  INFO 26728 --- [    Test worker] o.s.t.c.support.AbstractContextLoader    : Could not detect default resource locations for test class [sprinboot.web.IndexControllerTest]: no resource found for suffixes {-context.xml, Context.groovy}.
2019-12-19 19:38:39.962  INFO 26728 --- [    Test worker] t.c.s.AnnotationConfigContextLoaderUtils : Could not detect default configuration classes for test class [sprinboot.web.IndexControllerTest]: IndexControllerTest does not declare any static, non-private, non-final, nested classes annotated with @Configuration.
2019-12-19 19:38:39.962  INFO 26728 --- [    Test worker] .b.t.c.SpringBootTestContextBootstrapper : Found @SpringBootConfiguration sprinboot.Application for test class sprinboot.web.IndexControllerTest
2019-12-19 19:38:39.963  INFO 26728 --- [    Test worker] .b.t.c.SpringBootTestContextBootstrapper : Loaded default TestExecutionListener class names from location [META-INF/spring.factories]: [org.springframework.security.test.context.support.WithSecurityContextTestExecutionListener, org.springframework.security.test.context.support.ReactorContextTestExecutionListener, org.springframework.boot.test.autoconfigure.restdocs.RestDocsTestExecutionListener, org.springframework.boot.test.autoconfigure.web.client.MockRestServiceServerResetTestExecutionListener, org.springframework.boot.test.autoconfigure.web.servlet.MockMvcPrintOnlyOnFailureTestExecutionListener, org.springframework.boot.test.autoconfigure.web.servlet.WebDriverTestExecutionListener, org.springframework.boot.test.mock.mockito.MockitoTestExecutionListener, org.springframework.boot.test.mock.mockito.ResetMocksTestExecutionListener, org.springframework.test.context.web.ServletTestExecutionListener, org.springframework.test.context.support.DirtiesContextBeforeModesTestExecutionListener, org.springframework.test.context.support.DependencyInjectionTestExecutionListener, org.springframework.test.context.support.DirtiesContextTestExecutionListener, org.springframework.test.context.transaction.TransactionalTestExecutionListener, org.springframework.test.context.jdbc.SqlScriptsTestExecutionListener]
2019-12-19 19:38:39.963  INFO 26728 --- [    Test worker] .b.t.c.SpringBootTestContextBootstrapper : Using TestExecutionListeners: [org.springframework.test.context.web.ServletTestExecutionListener@457d5aa7, org.springframework.test.context.support.DirtiesContextBeforeModesTestExecutionListener@70e8ae74, org.springframework.boot.test.mock.mockito.MockitoTestExecutionListener@586456bd, org.springframework.boot.test.autoconfigure.SpringBootDependencyInjectionTestExecutionListener@4c17134d, org.springframework.test.context.support.DirtiesContextTestExecutionListener@6310c00a, org.springframework.test.context.transaction.TransactionalTestExecutionListener@563e5912, org.springframework.test.context.jdbc.SqlScriptsTestExecutionListener@2c152cd6, org.springframework.security.test.context.support.WithSecurityContextTestExecutionListener@58ecdf62, org.springframework.security.test.context.support.ReactorContextTestExecutionListener@3d1954e5, org.springframework.boot.test.autoconfigure.restdocs.RestDocsTestExecutionListener@19cb7c9d, org.springframework.boot.test.autoconfigure.web.client.MockRestServiceServerResetTestExecutionListener@1c3d80ee, org.springframework.boot.test.autoconfigure.web.servlet.MockMvcPrintOnlyOnFailureTestExecutionListener@22145bc4, org.springframework.boot.test.autoconfigure.web.servlet.WebDriverTestExecutionListener@55dd9d1f, org.springframework.boot.test.mock.mockito.ResetMocksTestExecutionListener@17302cad]

  .   ____          _            __ _ _
 /\\ / ___'_ __ _ _(_)_ __  __ _ \ \ \ \
( ( )\___ | '_ | '_| | '_ \/ _` | \ \ \ \
 \\/  ___)| |_)| | | | | || (_| |  ) ) ) )
  '  |____| .__|_| |_|_| |_\__, | / / / /
 =========|_|==============|___/=/_/_/_/
 :: Spring Boot ::        (v2.1.7.RELEASE)

2019-12-19 19:38:39.987  INFO 26728 --- [    Test worker] sprinboot.web.IndexControllerTest        : Starting IndexControllerTest on DESKTOP-DEDM406 with PID 26728 (started by count in F:\Downloads\com.tistory.irerin07)
2019-12-19 19:38:39.987  INFO 26728 --- [    Test worker] sprinboot.web.IndexControllerTest        : The following profiles are active: oauth
2019-12-19 19:38:40.122  INFO 26728 --- [    Test worker] .s.d.r.c.RepositoryConfigurationDelegate : Bootstrapping Spring Data repositories in DEFAULT mode.
2019-12-19 19:38:40.134  INFO 26728 --- [    Test worker] .s.d.r.c.RepositoryConfigurationDelegate : Finished Spring Data repository scanning in 12ms. Found 2 repository interfaces.
2019-12-19 19:38:40.211  INFO 26728 --- [    Test worker] trationDelegate$BeanPostProcessorChecker : Bean 'org.springframework.transaction.annotation.ProxyTransactionManagementConfiguration' of type [org.springframework.transaction.annotation.ProxyTransactionManagementConfiguration$$EnhancerBySpringCGLIB$$ada27b42] is not eligible for getting processed by all BeanPostProcessors (for example: not eligible for auto-proxying)
2019-12-19 19:38:40.386  INFO 26728 --- [    Test worker] o.s.b.w.embedded.tomcat.TomcatWebServer  : Tomcat initialized with port(s): 0 (http)
2019-12-19 19:38:40.411  INFO 26728 --- [    Test worker] o.apache.catalina.core.StandardService   : Starting service [Tomcat]
2019-12-19 19:38:40.411  INFO 26728 --- [    Test worker] org.apache.catalina.core.StandardEngine  : Starting Servlet engine: [Apache Tomcat/9.0.22]
2019-12-19 19:38:40.533  INFO 26728 --- [    Test worker] o.a.c.c.C.[Tomcat].[localhost].[/]       : Initializing Spring embedded WebApplicationContext
2019-12-19 19:38:40.533  INFO 26728 --- [    Test worker] o.s.web.context.ContextLoader            : Root WebApplicationContext: initialization completed in 545 ms
2019-12-19 19:38:40.649  INFO 26728 --- [    Test worker] com.zaxxer.hikari.HikariDataSource       : HikariPool-2 - Starting...
2019-12-19 19:38:40.650  INFO 26728 --- [    Test worker] com.zaxxer.hikari.HikariDataSource       : HikariPool-2 - Start completed.
2019-12-19 19:38:40.667  INFO 26728 --- [    Test worker] o.hibernate.jpa.internal.util.LogHelper  : HHH000204: Processing PersistenceUnitInfo [
	name: default
	...]
2019-12-19 19:38:40.672  INFO 26728 --- [    Test worker] org.hibernate.dialect.Dialect            : HHH000400: Using dialect: org.hibernate.dialect.MySQL5InnoDBDialect
Hibernate: drop table if exists posts
Hibernate: drop table if exists user
Hibernate: create table posts (id bigint not null auto_increment, created_date datetime, modified_date datetime, author varchar(255), content TEXT not null, title varchar(500) not null, primary key (id)) engine=InnoDB
Hibernate: create table user (id bigint not null auto_increment, created_date datetime, modified_date datetime, email varchar(255) not null, name varchar(255) not null, picture varchar(255), role varchar(255) not null, primary key (id)) engine=InnoDB
2019-12-19 19:38:40.707  INFO 26728 --- [    Test worker] o.h.t.schema.internal.SchemaCreatorImpl  : HHH000476: Executing import script 'org.hibernate.tool.schema.internal.exec.ScriptSourceInputNonExistentImpl@7e0aa241'
2019-12-19 19:38:40.707  INFO 26728 --- [    Test worker] j.LocalContainerEntityManagerFactoryBean : Initialized JPA EntityManagerFactory for persistence unit 'default'
2019-12-19 19:38:40.879  INFO 26728 --- [    Test worker] o.h.h.i.QueryTranslatorFactoryInitiator  : HHH000397: Using ASTQueryTranslatorFactory
2019-12-19 19:38:40.956  INFO 26728 --- [    Test worker] o.s.s.web.DefaultSecurityFilterChain     : Creating filter chain: any request, [org.springframework.security.web.context.request.async.WebAsyncManagerIntegrationFilter@6221ce1b, org.springframework.security.web.context.SecurityContextPersistenceFilter@66c94b9c, org.springframework.security.web.header.HeaderWriterFilter@2158ca2c, org.springframework.security.web.authentication.logout.LogoutFilter@2b2a37b6, org.springframework.security.oauth2.client.web.OAuth2AuthorizationRequestRedirectFilter@72be7f90, org.springframework.security.oauth2.client.web.OAuth2LoginAuthenticationFilter@7a8a73c7, org.springframework.security.web.authentication.ui.DefaultLoginPageGeneratingFilter@7930973, org.springframework.security.web.authentication.ui.DefaultLogoutPageGeneratingFilter@4062fd2e, org.springframework.security.web.savedrequest.RequestCacheAwareFilter@1da0a323, org.springframework.security.web.servletapi.SecurityContextHolderAwareRequestFilter@7ace0311, org.springframework.security.web.authentication.AnonymousAuthenticationFilter@4121584d, org.springframework.security.web.session.SessionManagementFilter@3b88d51e, org.springframework.security.web.access.ExceptionTranslationFilter@48a67690, org.springframework.security.web.access.intercept.FilterSecurityInterceptor@27d0b63f]
2019-12-19 19:38:41.082  INFO 26728 --- [    Test worker] o.s.s.concurrent.ThreadPoolTaskExecutor  : Initializing ExecutorService 'applicationTaskExecutor'
2019-12-19 19:38:41.092  WARN 26728 --- [    Test worker] aWebConfiguration$JpaWebMvcConfiguration : spring.jpa.open-in-view is enabled by default. Therefore, database queries may be performed during view rendering. Explicitly configure spring.jpa.open-in-view to disable this warning
2019-12-19 19:38:41.109  INFO 26728 --- [    Test worker] o.s.b.a.w.s.WelcomePageHandlerMapping    : Adding welcome page template: index
2019-12-19 19:38:41.257  INFO 26728 --- [    Test worker] s.a.ScheduledAnnotationBeanPostProcessor : No TaskScheduler/ScheduledExecutorService bean found for scheduled processing
2019-12-19 19:38:41.270  INFO 26728 --- [    Test worker] o.s.b.w.embedded.tomcat.TomcatWebServer  : Tomcat started on port(s): 9680 (http) with context path ''
2019-12-19 19:38:41.271  INFO 26728 --- [    Test worker] sprinboot.web.IndexControllerTest        : Started IndexControllerTest in 1.307 seconds (JVM running for 6.798)
2019-12-19 19:38:41.344  INFO 26728 --- [o-auto-1-exec-1] o.a.c.c.C.[Tomcat].[localhost].[/]       : Initializing Spring DispatcherServlet 'dispatcherServlet'
2019-12-19 19:38:41.344  INFO 26728 --- [o-auto-1-exec-1] o.s.web.servlet.DispatcherServlet        : Initializing Servlet 'dispatcherServlet'
2019-12-19 19:38:41.358  INFO 26728 --- [o-auto-1-exec-1] o.s.web.servlet.DispatcherServlet        : Completed initialization in 14 ms
Hibernate: select posts0_.id as id1_0_, posts0_.created_date as created_2_0_, posts0_.modified_date as modified3_0_, posts0_.author as author4_0_, posts0_.content as content5_0_, posts0_.title as title6_0_ from posts posts0_ order by posts0_.id DESC
]]></system-out>
  <system-err><![CDATA[]]></system-err>
</testsuite>
